TN:
SF:src\server.js
FN:16,(anonymous_0)
FN:19,(anonymous_1)
FNF:2
FNH:0
FNDA:0,(anonymous_0)
FNDA:0,(anonymous_1)
DA:1,1
DA:2,1
DA:4,1
DA:5,1
DA:7,1
DA:8,1
DA:10,1
DA:11,1
DA:13,1
DA:14,1
DA:16,1
DA:18,1
DA:19,0
DA:20,0
DA:24,1
LF:15
LH:13
BRDA:18,0,0,0
BRDA:18,0,1,1
BRF:2
BRH:1
end_of_record
TN:
SF:src\middleware\auth.js
FN:1,authenticate
FN:19,requireHost
FNF:2
FNH:1
FNDA:10,authenticate
FNDA:0,requireHost
DA:2,10
DA:3,10
DA:4,1
DA:6,9
DA:7,9
DA:8,9
DA:9,9
DA:10,0
DA:12,9
DA:13,9
DA:15,0
DA:20,0
DA:21,0
DA:23,0
DA:26,1
LF:15
LH:10
BRDA:3,0,0,1
BRDA:3,0,1,9
BRDA:3,1,0,10
BRDA:3,1,1,9
BRDA:9,2,0,0
BRDA:9,2,1,9
BRDA:9,3,0,9
BRDA:9,3,1,9
BRDA:9,3,2,9
BRDA:20,4,0,0
BRDA:20,4,1,0
BRF:11
BRH:8
end_of_record
TN:
SF:src\routes\auth.js
FN:6,(anonymous_0)
FN:13,(anonymous_1)
FNF:2
FNH:0
FNDA:0,(anonymous_0)
FNDA:0,(anonymous_1)
DA:1,1
DA:2,1
DA:3,1
DA:6,1
DA:7,0
DA:8,0
DA:9,0
DA:12,0
DA:13,0
DA:14,0
DA:15,0
DA:18,0
DA:19,0
DA:21,0
DA:24,1
LF:15
LH:5
BRDA:8,0,0,0
BRDA:8,0,1,0
BRDA:8,1,0,0
BRDA:8,1,1,0
BRDA:13,2,0,0
BRDA:13,2,1,0
BRDA:14,3,0,0
BRDA:14,3,1,0
BRF:8
BRH:0
end_of_record
TN:
SF:src\routes\reservations.js
FN:12,validateReservation
FN:34,generateSlots
FN:48,(anonymous_2)
FN:57,(anonymous_3)
FN:62,(anonymous_4)
FN:67,(anonymous_5)
FN:80,(anonymous_6)
FN:107,(anonymous_7)
FN:112,(anonymous_8)
FN:118,(anonymous_9)
FN:145,(anonymous_10)
FN:147,(anonymous_11)
FN:158,(anonymous_12)
FN:167,(anonymous_13)
FN:195,(anonymous_14)
FN:197,(anonymous_15)
FN:255,(anonymous_16)
FN:257,(anonymous_17)
FNF:18
FNH:4
FNDA:6,validateReservation
FNDA:0,generateSlots
FNDA:0,(anonymous_2)
FNDA:0,(anonymous_3)
FNDA:0,(anonymous_4)
FNDA:0,(anonymous_5)
FNDA:0,(anonymous_6)
FNDA:0,(anonymous_7)
FNDA:0,(anonymous_8)
FNDA:6,(anonymous_9)
FNDA:0,(anonymous_10)
FNDA:0,(anonymous_11)
FNDA:3,(anonymous_12)
FNDA:48,(anonymous_13)
FNDA:0,(anonymous_14)
FNDA:0,(anonymous_15)
FNDA:0,(anonymous_16)
FNDA:0,(anonymous_17)
DA:1,1
DA:2,1
DA:3,1
DA:4,1
DA:5,1
DA:8,1
DA:13,6
DA:14,6
DA:15,0
DA:17,6
DA:18,6
DA:19,1
DA:21,5
DA:22,1
DA:24,4
DA:25,0
DA:27,4
DA:28,0
DA:30,4
DA:35,0
DA:36,0
DA:37,0
DA:38,0
DA:39,0
DA:40,0
DA:41,0
DA:44,0
DA:48,1
DA:49,0
DA:50,0
DA:51,0
DA:54,0
DA:55,0
DA:57,0
DA:58,0
DA:59,0
DA:61,0
DA:63,0
DA:64,0
DA:65,0
DA:67,0
DA:69,0
DA:76,0
DA:80,1
DA:81,0
DA:82,0
DA:83,0
DA:86,0
DA:87,0
DA:89,0
DA:100,0
DA:101,0
DA:103,0
DA:107,1
DA:108,0
DA:110,0
DA:112,0
DA:114,0
DA:118,1
DA:119,6
DA:120,6
DA:121,2
DA:124,4
DA:125,4
DA:127,4
DA:138,4
DA:139,4
DA:141,4
DA:145,1
DA:146,0
DA:147,0
DA:148,0
DA:149,0
DA:151,0
DA:152,0
DA:154,0
DA:158,1
DA:159,3
DA:160,3
DA:162,3
DA:163,0
DA:166,3
DA:167,48
DA:168,3
DA:169,0
DA:172,3
DA:174,3
DA:175,2
DA:176,0
DA:179,2
DA:180,0
DA:183,2
DA:184,1
DA:188,2
DA:189,2
DA:191,2
DA:195,1
DA:196,0
DA:197,0
DA:198,0
DA:199,0
DA:202,0
DA:204,0
DA:205,0
DA:206,0
DA:209,0
DA:210,0
DA:211,0
DA:212,0
DA:216,0
DA:217,0
DA:219,0
DA:220,0
DA:221,0
DA:223,0
DA:226,0
DA:227,0
DA:228,0
DA:229,0
DA:231,0
DA:232,0
DA:234,0
DA:237,0
DA:238,0
DA:239,0
DA:241,0
DA:244,0
DA:245,0
DA:248,0
DA:249,0
DA:251,0
DA:255,1
DA:256,0
DA:257,0
DA:258,0
DA:259,0
DA:262,0
DA:264,0
DA:265,0
DA:266,0
DA:269,0
DA:270,0
DA:274,0
DA:275,0
DA:277,0
DA:280,1
LF:146
LH:49
BRDA:14,0,0,0
BRDA:14,0,1,6
BRDA:14,1,0,6
BRDA:14,1,1,6
BRDA:14,1,2,6
BRDA:18,2,0,1
BRDA:18,2,1,5
BRDA:18,3,0,6
BRDA:18,3,1,5
BRDA:18,3,2,5
BRDA:21,4,0,1
BRDA:21,4,1,4
BRDA:24,5,0,0
BRDA:24,5,1,4
BRDA:24,6,0,4
BRDA:24,6,1,4
BRDA:27,7,0,0
BRDA:27,7,1,4
BRDA:38,8,0,0
BRDA:38,8,1,0
BRDA:38,9,0,0
BRDA:38,9,1,0
BRDA:50,10,0,0
BRDA:50,10,1,0
BRDA:50,11,0,0
BRDA:50,11,1,0
BRDA:63,12,0,0
BRDA:63,12,1,0
BRDA:63,13,0,0
BRDA:63,13,1,0
BRDA:65,14,0,0
BRDA:65,14,1,0
BRDA:82,15,0,0
BRDA:82,15,1,0
BRDA:94,16,0,0
BRDA:94,16,1,0
BRDA:110,17,0,0
BRDA:110,17,1,0
BRDA:120,18,0,2
BRDA:120,18,1,4
BRDA:132,19,0,4
BRDA:132,19,1,4
BRDA:148,20,0,0
BRDA:148,20,1,0
BRDA:151,21,0,0
BRDA:151,21,1,0
BRDA:151,22,0,0
BRDA:151,22,1,0
BRDA:162,23,0,0
BRDA:162,23,1,3
BRDA:162,24,0,3
BRDA:162,24,1,3
BRDA:168,25,0,0
BRDA:168,25,1,3
BRDA:174,26,0,2
BRDA:174,26,1,1
BRDA:175,27,0,0
BRDA:175,27,1,2
BRDA:179,28,0,0
BRDA:179,28,1,2
BRDA:183,29,0,1
BRDA:183,29,1,1
BRDA:198,30,0,0
BRDA:198,30,1,0
BRDA:204,31,0,0
BRDA:204,31,1,0
BRDA:205,32,0,0
BRDA:205,32,1,0
BRDA:211,33,0,0
BRDA:211,33,1,0
BRDA:219,34,0,0
BRDA:219,34,1,0
BRDA:220,35,0,0
BRDA:220,35,1,0
BRDA:220,36,0,0
BRDA:220,36,1,0
BRDA:226,37,0,0
BRDA:226,37,1,0
BRDA:228,38,0,0
BRDA:228,38,1,0
BRDA:228,39,0,0
BRDA:228,39,1,0
BRDA:231,40,0,0
BRDA:231,40,1,0
BRDA:237,41,0,0
BRDA:237,41,1,0
BRDA:238,42,0,0
BRDA:238,42,1,0
BRDA:244,43,0,0
BRDA:244,43,1,0
BRDA:258,44,0,0
BRDA:258,44,1,0
BRDA:264,45,0,0
BRDA:264,45,1,0
BRDA:265,46,0,0
BRDA:265,46,1,0
BRDA:269,47,0,0
BRDA:269,47,1,0
BRF:98
BRH:29
end_of_record
TN:
SF:src\utils\db.js
FN:6,readDb
FN:10,writeDb
FNF:2
FNH:2
FNDA:7,readDb
FNDA:6,writeDb
DA:1,1
DA:2,1
DA:4,1
DA:7,7
DA:11,6
DA:14,1
LF:6
LH:6
BRF:0
BRH:0
end_of_record
